<?xml version="1.0" encoding="UTF-8"?>
<!-- Generated by org.testng.reporters.JUnitReportReporter -->
<testsuite hostname="LAPTOP-BKC0CQV4" failures="0" tests="4" name="capstoneproject.ZeroBank.runners.AccountSummaryRunner" time="46.883" errors="0" timestamp="2025-03-17T00:00:54 IST" skipped="0">
  <testcase classname="capstoneproject.ZeroBank.runners.AccountSummaryRunner" name="runScenario" time="11.484"/>
  <testcase classname="capstoneproject.ZeroBank.runners.AccountSummaryRunner" name="runScenario" time="12.307"/>
  <testcase classname="capstoneproject.ZeroBank.runners.AccountSummaryRunner" name="runScenario" time="11.214"/>
  <testcase classname="capstoneproject.ZeroBank.runners.AccountSummaryRunner" name="runScenario" time="11.878"/>
</testsuite> <!-- capstoneproject.ZeroBank.runners.AccountSummaryRunner -->
