<?xml version="1.0" encoding="UTF-8"?>
<!-- Generated by org.testng.reporters.JUnitReportReporter -->
<testsuite hostname="LAPTOP-BKC0CQV4" failures="0" tests="6" name="capstoneproject.ZeroBank.runners.LoginRunner" time="87.040" errors="0" timestamp="2025-03-19T09:22:07 IST" skipped="0">
  <testcase classname="capstoneproject.ZeroBank.runners.LoginRunner" name="runScenario" time="18.776"/>
  <testcase classname="capstoneproject.ZeroBank.runners.LoginRunner" name="runScenario" time="11.899"/>
  <testcase classname="capstoneproject.ZeroBank.runners.LoginRunner" name="runScenario" time="12.601"/>
  <testcase classname="capstoneproject.ZeroBank.runners.LoginRunner" name="runScenario" time="13.934"/>
  <testcase classname="capstoneproject.ZeroBank.runners.LoginRunner" name="runScenario" time="18.776"/>
  <testcase classname="capstoneproject.ZeroBank.runners.LoginRunner" name="runScenario" time="11.054"/>
</testsuite> <!-- capstoneproject.ZeroBank.runners.LoginRunner -->
