<?xml version="1.0" encoding="UTF-8"?>
<!-- Generated by org.testng.reporters.JUnitReportReporter -->
<testsuite hostname="LAPTOP-BKC0CQV4" failures="0" tests="4" name="capstoneproject.ZeroBank.runners.AddNewPayeeRunner" time="48.434" errors="0" timestamp="2025-03-19T09:22:07 IST" skipped="0">
  <testcase classname="capstoneproject.ZeroBank.runners.AddNewPayeeRunner" name="runScenario" time="11.591"/>
  <testcase classname="capstoneproject.ZeroBank.runners.AddNewPayeeRunner" name="runScenario" time="11.854"/>
  <testcase classname="capstoneproject.ZeroBank.runners.AddNewPayeeRunner" name="runScenario" time="12.946"/>
  <testcase classname="capstoneproject.ZeroBank.runners.AddNewPayeeRunner" name="runScenario" time="12.043"/>
</testsuite> <!-- capstoneproject.ZeroBank.runners.AddNewPayeeRunner -->
