<?xml version="1.0" encoding="UTF-8"?>
<!-- Generated by org.testng.reporters.JUnitReportReporter -->
<testsuite hostname="LAPTOP-BKC0CQV4" failures="0" tests="4" name="capstoneproject.ZeroBank.runners.LogoutRunner" time="39.407" errors="0" timestamp="2025-03-19T09:22:07 IST" skipped="0">
  <testcase classname="capstoneproject.ZeroBank.runners.LogoutRunner" name="runScenario" time="9.846"/>
  <testcase classname="capstoneproject.ZeroBank.runners.LogoutRunner" name="runScenario" time="10.454"/>
  <testcase classname="capstoneproject.ZeroBank.runners.LogoutRunner" name="runScenario" time="9.405"/>
  <testcase classname="capstoneproject.ZeroBank.runners.LogoutRunner" name="runScenario" time="9.702"/>
</testsuite> <!-- capstoneproject.ZeroBank.runners.LogoutRunner -->
