<?xml version="1.0" encoding="UTF-8"?>
<!-- Generated by org.testng.reporters.JUnitReportReporter -->
<testsuite hostname="LAPTOP-BKC0CQV4" failures="0" tests="4" name="capstoneproject.ZeroBank.runners.LogoutRunner" time="43.035" errors="0" timestamp="2025-03-17T00:00:54 IST" skipped="0">
  <testcase classname="capstoneproject.ZeroBank.runners.LogoutRunner" name="runScenario" time="10.934"/>
  <testcase classname="capstoneproject.ZeroBank.runners.LogoutRunner" name="runScenario" time="10.833"/>
  <testcase classname="capstoneproject.ZeroBank.runners.LogoutRunner" name="runScenario" time="10.188"/>
  <testcase classname="capstoneproject.ZeroBank.runners.LogoutRunner" name="runScenario" time="11.080"/>
</testsuite> <!-- capstoneproject.ZeroBank.runners.LogoutRunner -->
