<?xml version="1.0" encoding="UTF-8"?>
<!-- Generated by org.testng.reporters.JUnitReportReporter -->
<testsuite hostname="LAPTOP-BKC0CQV4" failures="0" tests="6" name="capstoneproject.ZeroBank.runners.LoginRunner" time="77.247" errors="0" timestamp="2025-03-17T00:00:54 IST" skipped="0">
  <testcase classname="capstoneproject.ZeroBank.runners.LoginRunner" name="runScenario" time="10.897"/>
  <testcase classname="capstoneproject.ZeroBank.runners.LoginRunner" name="runScenario" time="11.210"/>
  <testcase classname="capstoneproject.ZeroBank.runners.LoginRunner" name="runScenario" time="11.800"/>
  <testcase classname="capstoneproject.ZeroBank.runners.LoginRunner" name="runScenario" time="14.196"/>
  <testcase classname="capstoneproject.ZeroBank.runners.LoginRunner" name="runScenario" time="13.169"/>
  <testcase classname="capstoneproject.ZeroBank.runners.LoginRunner" name="runScenario" time="15.975"/>
</testsuite> <!-- capstoneproject.ZeroBank.runners.LoginRunner -->
