<?xml version="1.0" encoding="UTF-8"?>
<!-- Generated by org.testng.reporters.JUnitReportReporter -->
<testsuite hostname="LAPTOP-BKC0CQV4" failures="0" tests="2" name="capstoneproject.ZeroBank.runners.OnlineStatementRunner" time="33.723" errors="0" timestamp="2025-03-19T09:22:07 IST" skipped="0">
  <testcase classname="capstoneproject.ZeroBank.runners.OnlineStatementRunner" name="runScenario" time="17.024"/>
  <testcase classname="capstoneproject.ZeroBank.runners.OnlineStatementRunner" name="runScenario" time="16.699"/>
</testsuite> <!-- capstoneproject.ZeroBank.runners.OnlineStatementRunner -->
