<?xml version="1.0" encoding="UTF-8"?>
<!-- Generated by org.testng.reporters.JUnitReportReporter -->
<testsuite hostname="LAPTOP-BKC0CQV4" failures="0" tests="6" name="capstoneproject.ZeroBank.runners.PayBillsRunner" time="71.083" errors="0" timestamp="2025-03-19T09:22:07 IST" skipped="0">
  <testcase classname="capstoneproject.ZeroBank.runners.PayBillsRunner" name="runScenario" time="11.117"/>
  <testcase classname="capstoneproject.ZeroBank.runners.PayBillsRunner" name="runScenario" time="12.254"/>
  <testcase classname="capstoneproject.ZeroBank.runners.PayBillsRunner" name="runScenario" time="12.170"/>
  <testcase classname="capstoneproject.ZeroBank.runners.PayBillsRunner" name="runScenario" time="12.106"/>
  <testcase classname="capstoneproject.ZeroBank.runners.PayBillsRunner" name="runScenario" time="12.002"/>
  <testcase classname="capstoneproject.ZeroBank.runners.PayBillsRunner" name="runScenario" time="11.434"/>
</testsuite> <!-- capstoneproject.ZeroBank.runners.PayBillsRunner -->
