<?xml version="1.0" encoding="UTF-8"?>
<!-- Generated by org.testng.reporters.JUnitReportReporter -->
<testsuite hostname="LAPTOP-BKC0CQV4" failures="0" tests="2" name="capstoneproject.ZeroBank.runners.FundTransferRunner" time="26.818" errors="0" timestamp="2025-03-17T00:00:54 IST" skipped="0">
  <testcase classname="capstoneproject.ZeroBank.runners.FundTransferRunner" name="runScenario" time="13.695"/>
  <testcase classname="capstoneproject.ZeroBank.runners.FundTransferRunner" name="runScenario" time="13.123"/>
</testsuite> <!-- capstoneproject.ZeroBank.runners.FundTransferRunner -->
