<?xml version="1.0" encoding="UTF-8"?>
<!-- Generated by org.testng.reporters.JUnitReportReporter -->
<testsuite hostname="LAPTOP-BKC0CQV4" failures="0" tests="6" name="capstoneproject.ZeroBank.runners.PayBillsRunner" time="75.551" errors="0" timestamp="2025-03-17T00:00:54 IST" skipped="0">
  <testcase classname="capstoneproject.ZeroBank.runners.PayBillsRunner" name="runScenario" time="12.891"/>
  <testcase classname="capstoneproject.ZeroBank.runners.PayBillsRunner" name="runScenario" time="11.916"/>
  <testcase classname="capstoneproject.ZeroBank.runners.PayBillsRunner" name="runScenario" time="12.571"/>
  <testcase classname="capstoneproject.ZeroBank.runners.PayBillsRunner" name="runScenario" time="11.968"/>
  <testcase classname="capstoneproject.ZeroBank.runners.PayBillsRunner" name="runScenario" time="12.518"/>
  <testcase classname="capstoneproject.ZeroBank.runners.PayBillsRunner" name="runScenario" time="13.687"/>
</testsuite> <!-- capstoneproject.ZeroBank.runners.PayBillsRunner -->
