<?xml version="1.0" encoding="UTF-8"?>
<!-- Generated by org.testng.reporters.JUnitReportReporter -->
<testsuite hostname="LAPTOP-BKC0CQV4" failures="0" tests="2" name="capstoneproject.ZeroBank.runners.FundTransferRunner" time="25.465" errors="0" timestamp="2025-03-19T09:22:07 IST" skipped="0">
  <testcase classname="capstoneproject.ZeroBank.runners.FundTransferRunner" name="runScenario" time="12.504"/>
  <testcase classname="capstoneproject.ZeroBank.runners.FundTransferRunner" name="runScenario" time="12.961"/>
</testsuite> <!-- capstoneproject.ZeroBank.runners.FundTransferRunner -->
