<?xml version="1.0" encoding="UTF-8"?>
<!-- Generated by org.testng.reporters.JUnitReportReporter -->
<testsuite hostname="LAPTOP-BKC0CQV4" failures="0" tests="4" name="capstoneproject.ZeroBank.runners.AddNewPayeeRunner" time="51.160" errors="0" timestamp="2025-03-17T00:00:54 IST" skipped="0">
  <testcase classname="capstoneproject.ZeroBank.runners.AddNewPayeeRunner" name="runScenario" time="12.768"/>
  <testcase classname="capstoneproject.ZeroBank.runners.AddNewPayeeRunner" name="runScenario" time="13.258"/>
  <testcase classname="capstoneproject.ZeroBank.runners.AddNewPayeeRunner" name="runScenario" time="12.608"/>
  <testcase classname="capstoneproject.ZeroBank.runners.AddNewPayeeRunner" name="runScenario" time="12.526"/>
</testsuite> <!-- capstoneproject.ZeroBank.runners.AddNewPayeeRunner -->
