<?xml version="1.0" encoding="UTF-8"?>
<!-- Generated by org.testng.reporters.JUnitReportReporter -->
<testsuite hostname="LAPTOP-BKC0CQV4" failures="0" tests="4" name="capstoneproject.ZeroBank.runners.AccountSummaryRunner" time="46.441" errors="0" timestamp="2025-03-19T09:22:07 IST" skipped="0">
  <testcase classname="capstoneproject.ZeroBank.runners.AccountSummaryRunner" name="runScenario" time="13.646"/>
  <testcase classname="capstoneproject.ZeroBank.runners.AccountSummaryRunner" name="runScenario" time="11.861"/>
  <testcase classname="capstoneproject.ZeroBank.runners.AccountSummaryRunner" name="runScenario" time="10.274"/>
  <testcase classname="capstoneproject.ZeroBank.runners.AccountSummaryRunner" name="runScenario" time="10.660"/>
</testsuite> <!-- capstoneproject.ZeroBank.runners.AccountSummaryRunner -->
